
*** Running vivado
    with args -log watch_top.vds -m64 -product Vivado -mode batch -messageDb vivado.pb -notrace -source watch_top.tcl


****** Vivado v2024.2 (64-bit)
  **** SW Build 5239630 on Fri Nov 08 22:34:34 MST 2024
  **** IP Build 5239520 on Sun Nov 10 16:12:51 MST 2024
  **** SharedData Build 5239561 on Fri Nov 08 14:39:27 MST 2024
  **** Start of session at: Tue Dec  9 18:10:00 2025
    ** Copyright 1986-2022 Xilinx, Inc. All Rights Reserved.
    ** Copyright 2022-2024 Advanced Micro Devices, Inc. All Rights Reserved.

source watch_top.tcl -notrace
Command: read_checkpoint -auto_incremental -incremental /media/user23/data/workspace/basys_exam/basys_exam.srcs/utils_1/imports/synth_1/test_top.dcp
INFO: [Vivado 12-5825] Read reference checkpoint from /media/user23/data/workspace/basys_exam/basys_exam.srcs/utils_1/imports/synth_1/test_top.dcp for incremental synthesis
INFO: [Vivado 12-7989] Please ensure there are no constraint changes
Command: synth_design -top watch_top -part xc7a35tcpg236-1
Starting synth_design
Attempting to get a license for feature 'Synthesis' and/or device 'xc7a35t'
INFO: [Common 17-349] Got license for feature 'Synthesis' and/or device 'xc7a35t'
INFO: [Device 21-403] Loading part xc7a35tcpg236-1
INFO: [Designutils 20-5440] No compile time benefit to using incremental synthesis; A full resynthesis will be run
INFO: [Designutils 20-4379] Flow is switching to default flow due to incremental criteria not met. If you would like to alter this behaviour and have the flow terminate instead, please set the following parameter config_implementation {autoIncr.Synth.RejectBehavior Terminate}
INFO: [Synth 8-7079] Multithreading enabled for synth_design using a maximum of 7 processes.
INFO: [Synth 8-7078] Launching helper process for spawning children vivado processes
INFO: [Synth 8-7075] Helper process launched with PID 165898
---------------------------------------------------------------------------------
Starting RTL Elaboration : Time (s): cpu = 00:00:02 ; elapsed = 00:00:02 . Memory (MB): peak = 1835.223 ; gain = 400.844 ; free physical = 4364 ; free virtual = 39838
---------------------------------------------------------------------------------
INFO: [Synth 8-6157] synthesizing module 'watch_top' [/media/user23/data/workspace/basys_exam/basys_exam.srcs/sources_1/new/test_top.v:48]
INFO: [Synth 8-6157] synthesizing module 'button_ctr' [/media/user23/data/workspace/basys_exam/basys_exam.srcs/sources_1/new/exam01_combinational_logic.v:310]
INFO: [Synth 8-6157] synthesizing module 'edge_detector_n' [/media/user23/data/workspace/basys_exam/basys_exam.srcs/sources_1/new/exam02_sequential_logic.v:218]
INFO: [Synth 8-6155] done synthesizing module 'edge_detector_n' (0#1) [/media/user23/data/workspace/basys_exam/basys_exam.srcs/sources_1/new/exam02_sequential_logic.v:218]
INFO: [Synth 8-6155] done synthesizing module 'button_ctr' (0#1) [/media/user23/data/workspace/basys_exam/basys_exam.srcs/sources_1/new/exam01_combinational_logic.v:310]
INFO: [Synth 8-6157] synthesizing module 'watch' [/media/user23/data/workspace/basys_exam/basys_exam.srcs/sources_1/new/exam03_var_module.v:23]
WARNING: [Synth 8-7071] port 'n_edge' of module 'edge_detector_n' is unconnected for instance 'n0' [/media/user23/data/workspace/basys_exam/basys_exam.srcs/sources_1/new/exam03_var_module.v:31]
WARNING: [Synth 8-7023] instance 'n0' of module 'edge_detector_n' has 5 connections declared, but only 4 given [/media/user23/data/workspace/basys_exam/basys_exam.srcs/sources_1/new/exam03_var_module.v:31]
WARNING: [Synth 8-7071] port 'n_edge' of module 'edge_detector_n' is unconnected for instance 'n1' [/media/user23/data/workspace/basys_exam/basys_exam.srcs/sources_1/new/exam03_var_module.v:32]
WARNING: [Synth 8-7023] instance 'n1' of module 'edge_detector_n' has 5 connections declared, but only 4 given [/media/user23/data/workspace/basys_exam/basys_exam.srcs/sources_1/new/exam03_var_module.v:32]
WARNING: [Synth 8-7071] port 'n_edge' of module 'edge_detector_n' is unconnected for instance 'n2' [/media/user23/data/workspace/basys_exam/basys_exam.srcs/sources_1/new/exam03_var_module.v:33]
WARNING: [Synth 8-7023] instance 'n2' of module 'edge_detector_n' has 5 connections declared, but only 4 given [/media/user23/data/workspace/basys_exam/basys_exam.srcs/sources_1/new/exam03_var_module.v:33]
INFO: [Synth 8-6155] done synthesizing module 'watch' (0#1) [/media/user23/data/workspace/basys_exam/basys_exam.srcs/sources_1/new/exam03_var_module.v:23]
INFO: [Synth 8-6157] synthesizing module 'bin_to_dec' [/media/user23/data/workspace/basys_exam/basys_exam.srcs/sources_1/new/exam01_combinational_logic.v:291]
INFO: [Synth 8-6155] done synthesizing module 'bin_to_dec' (0#1) [/media/user23/data/workspace/basys_exam/basys_exam.srcs/sources_1/new/exam01_combinational_logic.v:291]
WARNING: [Synth 8-689] width (8) of port connection 'bin' does not match port width (12) of module 'bin_to_dec' [/media/user23/data/workspace/basys_exam/basys_exam.srcs/sources_1/new/test_top.v:89]
WARNING: [Synth 8-689] width (8) of port connection 'bcd' does not match port width (16) of module 'bin_to_dec' [/media/user23/data/workspace/basys_exam/basys_exam.srcs/sources_1/new/test_top.v:90]
WARNING: [Synth 8-689] width (8) of port connection 'bin' does not match port width (12) of module 'bin_to_dec' [/media/user23/data/workspace/basys_exam/basys_exam.srcs/sources_1/new/test_top.v:93]
WARNING: [Synth 8-689] width (8) of port connection 'bcd' does not match port width (16) of module 'bin_to_dec' [/media/user23/data/workspace/basys_exam/basys_exam.srcs/sources_1/new/test_top.v:94]
INFO: [Synth 8-6157] synthesizing module 'FND_ctr' [/media/user23/data/workspace/basys_exam/basys_exam.srcs/sources_1/new/controller.v:23]
WARNING: [Synth 8-7071] port 'n_edge' of module 'edge_detector_n' is unconnected for instance 'nolabel_line34' [/media/user23/data/workspace/basys_exam/basys_exam.srcs/sources_1/new/controller.v:34]
WARNING: [Synth 8-7023] instance 'nolabel_line34' of module 'edge_detector_n' has 5 connections declared, but only 4 given [/media/user23/data/workspace/basys_exam/basys_exam.srcs/sources_1/new/controller.v:34]
INFO: [Synth 8-155] case statement is not full and has no default [/media/user23/data/workspace/basys_exam/basys_exam.srcs/sources_1/new/controller.v:56]
INFO: [Synth 8-6157] synthesizing module 'seg_decoder' [/media/user23/data/workspace/basys_exam/basys_exam.srcs/sources_1/new/exam01_combinational_logic.v:262]
INFO: [Synth 8-6155] done synthesizing module 'seg_decoder' (0#1) [/media/user23/data/workspace/basys_exam/basys_exam.srcs/sources_1/new/exam01_combinational_logic.v:262]
INFO: [Synth 8-6155] done synthesizing module 'FND_ctr' (0#1) [/media/user23/data/workspace/basys_exam/basys_exam.srcs/sources_1/new/controller.v:23]
INFO: [Synth 8-6155] done synthesizing module 'watch_top' (0#1) [/media/user23/data/workspace/basys_exam/basys_exam.srcs/sources_1/new/test_top.v:48]
WARNING: [Synth 8-7137] Register cnt_sysclk_reg in module watch has both Set and reset with same priority. This may cause simulation mismatches. Consider rewriting code  [/media/user23/data/workspace/basys_exam/basys_exam.srcs/sources_1/new/exam03_var_module.v:45]
WARNING: [Synth 8-7129] Port button[3] in module watch_top is either unconnected or has no load
---------------------------------------------------------------------------------
Finished RTL Elaboration : Time (s): cpu = 00:00:03 ; elapsed = 00:00:03 . Memory (MB): peak = 1909.160 ; gain = 474.781 ; free physical = 4285 ; free virtual = 39760
---------------------------------------------------------------------------------
---------------------------------------------------------------------------------
Start Handling Custom Attributes
---------------------------------------------------------------------------------
---------------------------------------------------------------------------------
Finished Handling Custom Attributes : Time (s): cpu = 00:00:03 ; elapsed = 00:00:03 . Memory (MB): peak = 1926.973 ; gain = 492.594 ; free physical = 4285 ; free virtual = 39759
---------------------------------------------------------------------------------
---------------------------------------------------------------------------------
Finished RTL Optimization Phase 1 : Time (s): cpu = 00:00:03 ; elapsed = 00:00:03 . Memory (MB): peak = 1926.973 ; gain = 492.594 ; free physical = 4285 ; free virtual = 39759
---------------------------------------------------------------------------------
Netlist sorting complete. Time (s): cpu = 00:00:00 ; elapsed = 00:00:00.01 . Memory (MB): peak = 1926.973 ; gain = 0.000 ; free physical = 4285 ; free virtual = 39759
INFO: [Project 1-570] Preparing netlist for logic optimization

Processing XDC Constraints
Initializing timing engine
Parsing XDC File [/media/user23/data/workspace/basys_exam/basys_exam.srcs/constrs_1/imports/Downloads/Basys-3-Master.xdc]
WARNING: [Vivado 12-584] No ports matched 'hex_value[0]'. [/media/user23/data/workspace/basys_exam/basys_exam.srcs/constrs_1/imports/Downloads/Basys-3-Master.xdc:12]
CRITICAL WARNING: [Common 17-55] 'set_property' expects at least one object. [/media/user23/data/workspace/basys_exam/basys_exam.srcs/constrs_1/imports/Downloads/Basys-3-Master.xdc:12]
Resolution: If [get_<value>] was used to populate the object, check to make sure this command returns at least one valid object.
WARNING: [Vivado 12-584] No ports matched 'hex_value[1]'. [/media/user23/data/workspace/basys_exam/basys_exam.srcs/constrs_1/imports/Downloads/Basys-3-Master.xdc:13]
CRITICAL WARNING: [Common 17-55] 'set_property' expects at least one object. [/media/user23/data/workspace/basys_exam/basys_exam.srcs/constrs_1/imports/Downloads/Basys-3-Master.xdc:13]
Resolution: If [get_<value>] was used to populate the object, check to make sure this command returns at least one valid object.
WARNING: [Vivado 12-584] No ports matched 'hex_value[2]'. [/media/user23/data/workspace/basys_exam/basys_exam.srcs/constrs_1/imports/Downloads/Basys-3-Master.xdc:14]
CRITICAL WARNING: [Common 17-55] 'set_property' expects at least one object. [/media/user23/data/workspace/basys_exam/basys_exam.srcs/constrs_1/imports/Downloads/Basys-3-Master.xdc:14]
Resolution: If [get_<value>] was used to populate the object, check to make sure this command returns at least one valid object.
WARNING: [Vivado 12-584] No ports matched 'hex_value[3]'. [/media/user23/data/workspace/basys_exam/basys_exam.srcs/constrs_1/imports/Downloads/Basys-3-Master.xdc:15]
CRITICAL WARNING: [Common 17-55] 'set_property' expects at least one object. [/media/user23/data/workspace/basys_exam/basys_exam.srcs/constrs_1/imports/Downloads/Basys-3-Master.xdc:15]
Resolution: If [get_<value>] was used to populate the object, check to make sure this command returns at least one valid object.
WARNING: [Vivado 12-584] No ports matched 'hex_value[4]'. [/media/user23/data/workspace/basys_exam/basys_exam.srcs/constrs_1/imports/Downloads/Basys-3-Master.xdc:16]
CRITICAL WARNING: [Common 17-55] 'set_property' expects at least one object. [/media/user23/data/workspace/basys_exam/basys_exam.srcs/constrs_1/imports/Downloads/Basys-3-Master.xdc:16]
Resolution: If [get_<value>] was used to populate the object, check to make sure this command returns at least one valid object.
WARNING: [Vivado 12-584] No ports matched 'hex_value[5]'. [/media/user23/data/workspace/basys_exam/basys_exam.srcs/constrs_1/imports/Downloads/Basys-3-Master.xdc:17]
CRITICAL WARNING: [Common 17-55] 'set_property' expects at least one object. [/media/user23/data/workspace/basys_exam/basys_exam.srcs/constrs_1/imports/Downloads/Basys-3-Master.xdc:17]
Resolution: If [get_<value>] was used to populate the object, check to make sure this command returns at least one valid object.
WARNING: [Vivado 12-584] No ports matched 'hex_value[6]'. [/media/user23/data/workspace/basys_exam/basys_exam.srcs/constrs_1/imports/Downloads/Basys-3-Master.xdc:18]
CRITICAL WARNING: [Common 17-55] 'set_property' expects at least one object. [/media/user23/data/workspace/basys_exam/basys_exam.srcs/constrs_1/imports/Downloads/Basys-3-Master.xdc:18]
Resolution: If [get_<value>] was used to populate the object, check to make sure this command returns at least one valid object.
WARNING: [Vivado 12-584] No ports matched 'hex_value[7]'. [/media/user23/data/workspace/basys_exam/basys_exam.srcs/constrs_1/imports/Downloads/Basys-3-Master.xdc:19]
CRITICAL WARNING: [Common 17-55] 'set_property' expects at least one object. [/media/user23/data/workspace/basys_exam/basys_exam.srcs/constrs_1/imports/Downloads/Basys-3-Master.xdc:19]
Resolution: If [get_<value>] was used to populate the object, check to make sure this command returns at least one valid object.
WARNING: [Vivado 12-584] No ports matched 'hex_value[8]'. [/media/user23/data/workspace/basys_exam/basys_exam.srcs/constrs_1/imports/Downloads/Basys-3-Master.xdc:20]
CRITICAL WARNING: [Common 17-55] 'set_property' expects at least one object. [/media/user23/data/workspace/basys_exam/basys_exam.srcs/constrs_1/imports/Downloads/Basys-3-Master.xdc:20]
Resolution: If [get_<value>] was used to populate the object, check to make sure this command returns at least one valid object.
WARNING: [Vivado 12-584] No ports matched 'hex_value[9]'. [/media/user23/data/workspace/basys_exam/basys_exam.srcs/constrs_1/imports/Downloads/Basys-3-Master.xdc:21]
CRITICAL WARNING: [Common 17-55] 'set_property' expects at least one object. [/media/user23/data/workspace/basys_exam/basys_exam.srcs/constrs_1/imports/Downloads/Basys-3-Master.xdc:21]
Resolution: If [get_<value>] was used to populate the object, check to make sure this command returns at least one valid object.
WARNING: [Vivado 12-584] No ports matched 'hex_value[10]'. [/media/user23/data/workspace/basys_exam/basys_exam.srcs/constrs_1/imports/Downloads/Basys-3-Master.xdc:22]
CRITICAL WARNING: [Common 17-55] 'set_property' expects at least one object. [/media/user23/data/workspace/basys_exam/basys_exam.srcs/constrs_1/imports/Downloads/Basys-3-Master.xdc:22]
Resolution: If [get_<value>] was used to populate the object, check to make sure this command returns at least one valid object.
WARNING: [Vivado 12-584] No ports matched 'hex_value[11]'. [/media/user23/data/workspace/basys_exam/basys_exam.srcs/constrs_1/imports/Downloads/Basys-3-Master.xdc:23]
CRITICAL WARNING: [Common 17-55] 'set_property' expects at least one object. [/media/user23/data/workspace/basys_exam/basys_exam.srcs/constrs_1/imports/Downloads/Basys-3-Master.xdc:23]
Resolution: If [get_<value>] was used to populate the object, check to make sure this command returns at least one valid object.
WARNING: [Vivado 12-584] No ports matched 'hex_value[12]'. [/media/user23/data/workspace/basys_exam/basys_exam.srcs/constrs_1/imports/Downloads/Basys-3-Master.xdc:24]
CRITICAL WARNING: [Common 17-55] 'set_property' expects at least one object. [/media/user23/data/workspace/basys_exam/basys_exam.srcs/constrs_1/imports/Downloads/Basys-3-Master.xdc:24]
Resolution: If [get_<value>] was used to populate the object, check to make sure this command returns at least one valid object.
WARNING: [Vivado 12-584] No ports matched 'hex_value[13]'. [/media/user23/data/workspace/basys_exam/basys_exam.srcs/constrs_1/imports/Downloads/Basys-3-Master.xdc:25]
CRITICAL WARNING: [Common 17-55] 'set_property' expects at least one object. [/media/user23/data/workspace/basys_exam/basys_exam.srcs/constrs_1/imports/Downloads/Basys-3-Master.xdc:25]
Resolution: If [get_<value>] was used to populate the object, check to make sure this command returns at least one valid object.
WARNING: [Vivado 12-584] No ports matched 'hex_value[14]'. [/media/user23/data/workspace/basys_exam/basys_exam.srcs/constrs_1/imports/Downloads/Basys-3-Master.xdc:26]
CRITICAL WARNING: [Common 17-55] 'set_property' expects at least one object. [/media/user23/data/workspace/basys_exam/basys_exam.srcs/constrs_1/imports/Downloads/Basys-3-Master.xdc:26]
Resolution: If [get_<value>] was used to populate the object, check to make sure this command returns at least one valid object.
WARNING: [Vivado 12-584] No ports matched 'hex_value[15]'. [/media/user23/data/workspace/basys_exam/basys_exam.srcs/constrs_1/imports/Downloads/Basys-3-Master.xdc:27]
CRITICAL WARNING: [Common 17-55] 'set_property' expects at least one object. [/media/user23/data/workspace/basys_exam/basys_exam.srcs/constrs_1/imports/Downloads/Basys-3-Master.xdc:27]
Resolution: If [get_<value>] was used to populate the object, check to make sure this command returns at least one valid object.
WARNING: [Vivado 12-584] No ports matched 'led[0]'. [/media/user23/data/workspace/basys_exam/basys_exam.srcs/constrs_1/imports/Downloads/Basys-3-Master.xdc:31]
CRITICAL WARNING: [Common 17-55] 'set_property' expects at least one object. [/media/user23/data/workspace/basys_exam/basys_exam.srcs/constrs_1/imports/Downloads/Basys-3-Master.xdc:31]
Resolution: If [get_<value>] was used to populate the object, check to make sure this command returns at least one valid object.
WARNING: [Vivado 12-584] No ports matched 'led[1]'. [/media/user23/data/workspace/basys_exam/basys_exam.srcs/constrs_1/imports/Downloads/Basys-3-Master.xdc:32]
CRITICAL WARNING: [Common 17-55] 'set_property' expects at least one object. [/media/user23/data/workspace/basys_exam/basys_exam.srcs/constrs_1/imports/Downloads/Basys-3-Master.xdc:32]
Resolution: If [get_<value>] was used to populate the object, check to make sure this command returns at least one valid object.
WARNING: [Vivado 12-584] No ports matched 'led[2]'. [/media/user23/data/workspace/basys_exam/basys_exam.srcs/constrs_1/imports/Downloads/Basys-3-Master.xdc:33]
CRITICAL WARNING: [Common 17-55] 'set_property' expects at least one object. [/media/user23/data/workspace/basys_exam/basys_exam.srcs/constrs_1/imports/Downloads/Basys-3-Master.xdc:33]
Resolution: If [get_<value>] was used to populate the object, check to make sure this command returns at least one valid object.
WARNING: [Vivado 12-584] No ports matched 'led[3]'. [/media/user23/data/workspace/basys_exam/basys_exam.srcs/constrs_1/imports/Downloads/Basys-3-Master.xdc:34]
CRITICAL WARNING: [Common 17-55] 'set_property' expects at least one object. [/media/user23/data/workspace/basys_exam/basys_exam.srcs/constrs_1/imports/Downloads/Basys-3-Master.xdc:34]
Resolution: If [get_<value>] was used to populate the object, check to make sure this command returns at least one valid object.
WARNING: [Vivado 12-584] No ports matched 'led[4]'. [/media/user23/data/workspace/basys_exam/basys_exam.srcs/constrs_1/imports/Downloads/Basys-3-Master.xdc:35]
CRITICAL WARNING: [Common 17-55] 'set_property' expects at least one object. [/media/user23/data/workspace/basys_exam/basys_exam.srcs/constrs_1/imports/Downloads/Basys-3-Master.xdc:35]
Resolution: If [get_<value>] was used to populate the object, check to make sure this command returns at least one valid object.
WARNING: [Vivado 12-584] No ports matched 'led[5]'. [/media/user23/data/workspace/basys_exam/basys_exam.srcs/constrs_1/imports/Downloads/Basys-3-Master.xdc:36]
CRITICAL WARNING: [Common 17-55] 'set_property' expects at least one object. [/media/user23/data/workspace/basys_exam/basys_exam.srcs/constrs_1/imports/Downloads/Basys-3-Master.xdc:36]
Resolution: If [get_<value>] was used to populate the object, check to make sure this command returns at least one valid object.
WARNING: [Vivado 12-584] No ports matched 'led[6]'. [/media/user23/data/workspace/basys_exam/basys_exam.srcs/constrs_1/imports/Downloads/Basys-3-Master.xdc:37]
CRITICAL WARNING: [Common 17-55] 'set_property' expects at least one object. [/media/user23/data/workspace/basys_exam/basys_exam.srcs/constrs_1/imports/Downloads/Basys-3-Master.xdc:37]
Resolution: If [get_<value>] was used to populate the object, check to make sure this command returns at least one valid object.
WARNING: [Vivado 12-584] No ports matched 'led[7]'. [/media/user23/data/workspace/basys_exam/basys_exam.srcs/constrs_1/imports/Downloads/Basys-3-Master.xdc:38]
CRITICAL WARNING: [Common 17-55] 'set_property' expects at least one object. [/media/user23/data/workspace/basys_exam/basys_exam.srcs/constrs_1/imports/Downloads/Basys-3-Master.xdc:38]
Resolution: If [get_<value>] was used to populate the object, check to make sure this command returns at least one valid object.
WARNING: [Vivado 12-584] No ports matched 'led[8]'. [/media/user23/data/workspace/basys_exam/basys_exam.srcs/constrs_1/imports/Downloads/Basys-3-Master.xdc:39]
CRITICAL WARNING: [Common 17-55] 'set_property' expects at least one object. [/media/user23/data/workspace/basys_exam/basys_exam.srcs/constrs_1/imports/Downloads/Basys-3-Master.xdc:39]
Resolution: If [get_<value>] was used to populate the object, check to make sure this command returns at least one valid object.
WARNING: [Vivado 12-584] No ports matched 'led[9]'. [/media/user23/data/workspace/basys_exam/basys_exam.srcs/constrs_1/imports/Downloads/Basys-3-Master.xdc:40]
CRITICAL WARNING: [Common 17-55] 'set_property' expects at least one object. [/media/user23/data/workspace/basys_exam/basys_exam.srcs/constrs_1/imports/Downloads/Basys-3-Master.xdc:40]
Resolution: If [get_<value>] was used to populate the object, check to make sure this command returns at least one valid object.
WARNING: [Vivado 12-584] No ports matched 'led[10]'. [/media/user23/data/workspace/basys_exam/basys_exam.srcs/constrs_1/imports/Downloads/Basys-3-Master.xdc:41]
CRITICAL WARNING: [Common 17-55] 'set_property' expects at least one object. [/media/user23/data/workspace/basys_exam/basys_exam.srcs/constrs_1/imports/Downloads/Basys-3-Master.xdc:41]
Resolution: If [get_<value>] was used to populate the object, check to make sure this command returns at least one valid object.
WARNING: [Vivado 12-584] No ports matched 'led[11]'. [/media/user23/data/workspace/basys_exam/basys_exam.srcs/constrs_1/imports/Downloads/Basys-3-Master.xdc:42]
CRITICAL WARNING: [Common 17-55] 'set_property' expects at least one object. [/media/user23/data/workspace/basys_exam/basys_exam.srcs/constrs_1/imports/Downloads/Basys-3-Master.xdc:42]
Resolution: If [get_<value>] was used to populate the object, check to make sure this command returns at least one valid object.
WARNING: [Vivado 12-584] No ports matched 'led[12]'. [/media/user23/data/workspace/basys_exam/basys_exam.srcs/constrs_1/imports/Downloads/Basys-3-Master.xdc:43]
CRITICAL WARNING: [Common 17-55] 'set_property' expects at least one object. [/media/user23/data/workspace/basys_exam/basys_exam.srcs/constrs_1/imports/Downloads/Basys-3-Master.xdc:43]
Resolution: If [get_<value>] was used to populate the object, check to make sure this command returns at least one valid object.
WARNING: [Vivado 12-584] No ports matched 'led[13]'. [/media/user23/data/workspace/basys_exam/basys_exam.srcs/constrs_1/imports/Downloads/Basys-3-Master.xdc:44]
CRITICAL WARNING: [Common 17-55] 'set_property' expects at least one object. [/media/user23/data/workspace/basys_exam/basys_exam.srcs/constrs_1/imports/Downloads/Basys-3-Master.xdc:44]
Resolution: If [get_<value>] was used to populate the object, check to make sure this command returns at least one valid object.
WARNING: [Vivado 12-584] No ports matched 'led[14]'. [/media/user23/data/workspace/basys_exam/basys_exam.srcs/constrs_1/imports/Downloads/Basys-3-Master.xdc:45]
CRITICAL WARNING: [Common 17-55] 'set_property' expects at least one object. [/media/user23/data/workspace/basys_exam/basys_exam.srcs/constrs_1/imports/Downloads/Basys-3-Master.xdc:45]
Resolution: If [get_<value>] was used to populate the object, check to make sure this command returns at least one valid object.
WARNING: [Vivado 12-584] No ports matched 'led[15]'. [/media/user23/data/workspace/basys_exam/basys_exam.srcs/constrs_1/imports/Downloads/Basys-3-Master.xdc:46]
CRITICAL WARNING: [Common 17-55] 'set_property' expects at least one object. [/media/user23/data/workspace/basys_exam/basys_exam.srcs/constrs_1/imports/Downloads/Basys-3-Master.xdc:46]
Resolution: If [get_<value>] was used to populate the object, check to make sure this command returns at least one valid object.
WARNING: [Vivado 12-584] No ports matched 'f'. [/media/user23/data/workspace/basys_exam/basys_exam.srcs/constrs_1/imports/Downloads/Basys-3-Master.xdc:75]
CRITICAL WARNING: [Common 17-55] 'set_property' expects at least one object. [/media/user23/data/workspace/basys_exam/basys_exam.srcs/constrs_1/imports/Downloads/Basys-3-Master.xdc:75]
Resolution: If [get_<value>] was used to populate the object, check to make sure this command returns at least one valid object.
Finished Parsing XDC File [/media/user23/data/workspace/basys_exam/basys_exam.srcs/constrs_1/imports/Downloads/Basys-3-Master.xdc]
INFO: [Project 1-236] Implementation specific constraints were found while reading constraint file [/media/user23/data/workspace/basys_exam/basys_exam.srcs/constrs_1/imports/Downloads/Basys-3-Master.xdc]. These constraints will be ignored for synthesis but will be used in implementation. Impacted constraints are listed in the file [.Xil/watch_top_propImpl.xdc].
Resolution: To avoid this warning, move constraints listed in [.Xil/watch_top_propImpl.xdc] to another XDC file and exclude this new file from synthesis with the used_in_synthesis property (File Properties dialog in GUI) and re-run elaboration/synthesis.
Completed Processing XDC Constraints

Netlist sorting complete. Time (s): cpu = 00:00:00.01 ; elapsed = 00:00:00 . Memory (MB): peak = 2078.723 ; gain = 0.000 ; free physical = 4345 ; free virtual = 39819
INFO: [Project 1-111] Unisim Transformation Summary:
No Unisim elements were transformed.

Constraint Validation Runtime : Time (s): cpu = 00:00:00 ; elapsed = 00:00:00 . Memory (MB): peak = 2078.723 ; gain = 0.000 ; free physical = 4345 ; free virtual = 39819
INFO: [Designutils 20-5440] No compile time benefit to using incremental synthesis; A full resynthesis will be run
INFO: [Designutils 20-4379] Flow is switching to default flow due to incremental criteria not met. If you would like to alter this behaviour and have the flow terminate instead, please set the following parameter config_implementation {autoIncr.Synth.RejectBehavior Terminate}
---------------------------------------------------------------------------------
Finished Constraint Validation : Time (s): cpu = 00:00:06 ; elapsed = 00:00:07 . Memory (MB): peak = 2078.723 ; gain = 644.344 ; free physical = 4376 ; free virtual = 39852
---------------------------------------------------------------------------------
---------------------------------------------------------------------------------
Start Loading Part and Timing Information
---------------------------------------------------------------------------------
Loading part: xc7a35tcpg236-1
---------------------------------------------------------------------------------
Finished Loading Part and Timing Information : Time (s): cpu = 00:00:06 ; elapsed = 00:00:07 . Memory (MB): peak = 2086.727 ; gain = 652.348 ; free physical = 4376 ; free virtual = 39852
---------------------------------------------------------------------------------
---------------------------------------------------------------------------------
Start Applying 'set_property' XDC Constraints
---------------------------------------------------------------------------------
---------------------------------------------------------------------------------
Finished applying 'set_property' XDC Constraints : Time (s): cpu = 00:00:06 ; elapsed = 00:00:07 . Memory (MB): peak = 2086.727 ; gain = 652.348 ; free physical = 4376 ; free virtual = 39852
---------------------------------------------------------------------------------
---------------------------------------------------------------------------------
Finished RTL Optimization Phase 2 : Time (s): cpu = 00:00:07 ; elapsed = 00:00:07 . Memory (MB): peak = 2086.727 ; gain = 652.348 ; free physical = 4380 ; free virtual = 39855
---------------------------------------------------------------------------------
---------------------------------------------------------------------------------
Start RTL Component Statistics 
---------------------------------------------------------------------------------
Detailed RTL Component Info : 
+---Adders : 
	   2 Input   32 Bit       Adders := 1     
	   2 Input    8 Bit       Adders := 2     
	   2 Input    6 Bit       Adders := 2     
	   2 Input    4 Bit       Adders := 48    
	   2 Input    3 Bit       Adders := 2     
	   4 Input    3 Bit       Adders := 1     
+---Registers : 
	               32 Bit    Registers := 1     
	                8 Bit    Registers := 2     
	                4 Bit    Registers := 2     
	                1 Bit    Registers := 18    
+---Muxes : 
	   2 Input   32 Bit        Muxes := 1     
	   2 Input    8 Bit        Muxes := 4     
	   2 Input    6 Bit        Muxes := 2     
	   2 Input    4 Bit        Muxes := 37    
	   2 Input    1 Bit        Muxes := 17    
	   5 Input    1 Bit        Muxes := 1     
---------------------------------------------------------------------------------
Finished RTL Component Statistics 
---------------------------------------------------------------------------------
---------------------------------------------------------------------------------
Start Part Resource Summary
---------------------------------------------------------------------------------
Part Resources:
DSPs: 90 (col length:60)
BRAMs: 100 (col length: RAMB18 60 RAMB36 30)
---------------------------------------------------------------------------------
Finished Part Resource Summary
---------------------------------------------------------------------------------
---------------------------------------------------------------------------------
Start Cross Boundary and Area Optimization
---------------------------------------------------------------------------------
WARNING: [Synth 8-7080] Parallel synthesis criteria is not met
WARNING: [Synth 8-7129] Port button[3] in module watch_top is either unconnected or has no load
---------------------------------------------------------------------------------
Finished Cross Boundary and Area Optimization : Time (s): cpu = 00:00:08 ; elapsed = 00:00:08 . Memory (MB): peak = 2086.727 ; gain = 652.348 ; free physical = 4376 ; free virtual = 39855
---------------------------------------------------------------------------------
---------------------------------------------------------------------------------
Start Applying XDC Timing Constraints
---------------------------------------------------------------------------------
---------------------------------------------------------------------------------
Finished Applying XDC Timing Constraints : Time (s): cpu = 00:00:11 ; elapsed = 00:00:11 . Memory (MB): peak = 2102.727 ; gain = 668.348 ; free physical = 4285 ; free virtual = 39764
---------------------------------------------------------------------------------
---------------------------------------------------------------------------------
Start Timing Optimization
---------------------------------------------------------------------------------
---------------------------------------------------------------------------------
Finished Timing Optimization : Time (s): cpu = 00:00:11 ; elapsed = 00:00:12 . Memory (MB): peak = 2125.758 ; gain = 691.379 ; free physical = 4261 ; free virtual = 39740
---------------------------------------------------------------------------------
---------------------------------------------------------------------------------
Start Technology Mapping
---------------------------------------------------------------------------------
---------------------------------------------------------------------------------
Finished Technology Mapping : Time (s): cpu = 00:00:12 ; elapsed = 00:00:12 . Memory (MB): peak = 2125.758 ; gain = 691.379 ; free physical = 4261 ; free virtual = 39740
---------------------------------------------------------------------------------
---------------------------------------------------------------------------------
Start IO Insertion
---------------------------------------------------------------------------------
---------------------------------------------------------------------------------
Start Flattening Before IO Insertion
---------------------------------------------------------------------------------
---------------------------------------------------------------------------------
Finished Flattening Before IO Insertion
---------------------------------------------------------------------------------
---------------------------------------------------------------------------------
Start Final Netlist Cleanup
---------------------------------------------------------------------------------
---------------------------------------------------------------------------------
Finished Final Netlist Cleanup
---------------------------------------------------------------------------------
---------------------------------------------------------------------------------
Finished IO Insertion : Time (s): cpu = 00:00:13 ; elapsed = 00:00:13 . Memory (MB): peak = 2275.570 ; gain = 841.191 ; free physical = 4138 ; free virtual = 39617
---------------------------------------------------------------------------------
---------------------------------------------------------------------------------
Start Renaming Generated Instances
---------------------------------------------------------------------------------
---------------------------------------------------------------------------------
Finished Renaming Generated Instances : Time (s): cpu = 00:00:13 ; elapsed = 00:00:13 . Memory (MB): peak = 2275.570 ; gain = 841.191 ; free physical = 4138 ; free virtual = 39617
---------------------------------------------------------------------------------
---------------------------------------------------------------------------------
Start Rebuilding User Hierarchy
---------------------------------------------------------------------------------
---------------------------------------------------------------------------------
Finished Rebuilding User Hierarchy : Time (s): cpu = 00:00:13 ; elapsed = 00:00:13 . Memory (MB): peak = 2275.570 ; gain = 841.191 ; free physical = 4138 ; free virtual = 39617
---------------------------------------------------------------------------------
---------------------------------------------------------------------------------
Start Renaming Generated Ports
---------------------------------------------------------------------------------
---------------------------------------------------------------------------------
Finished Renaming Generated Ports : Time (s): cpu = 00:00:13 ; elapsed = 00:00:13 . Memory (MB): peak = 2275.570 ; gain = 841.191 ; free physical = 4138 ; free virtual = 39617
---------------------------------------------------------------------------------
---------------------------------------------------------------------------------
Start Handling Custom Attributes
---------------------------------------------------------------------------------
---------------------------------------------------------------------------------
Finished Handling Custom Attributes : Time (s): cpu = 00:00:13 ; elapsed = 00:00:13 . Memory (MB): peak = 2275.570 ; gain = 841.191 ; free physical = 4138 ; free virtual = 39617
---------------------------------------------------------------------------------
---------------------------------------------------------------------------------
Start Renaming Generated Nets
---------------------------------------------------------------------------------
---------------------------------------------------------------------------------
Finished Renaming Generated Nets : Time (s): cpu = 00:00:13 ; elapsed = 00:00:13 . Memory (MB): peak = 2275.570 ; gain = 841.191 ; free physical = 4138 ; free virtual = 39617
---------------------------------------------------------------------------------
---------------------------------------------------------------------------------
Start Writing Synthesis Report
---------------------------------------------------------------------------------

Report BlackBoxes: 
+-+--------------+----------+
| |BlackBox name |Instances |
+-+--------------+----------+
+-+--------------+----------+

Report Cell Usage: 
+------+-------+------+
|      |Cell   |Count |
+------+-------+------+
|1     |BUFG   |     1|
|2     |CARRY4 |    25|
|3     |LUT1   |     2|
|4     |LUT2   |    49|
|5     |LUT3   |     6|
|6     |LUT4   |    21|
|7     |LUT5   |    35|
|8     |LUT6   |    27|
|9     |FDCE   |   114|
|10    |FDPE   |     4|
|11    |FDRE   |    17|
|12    |IBUF   |     5|
|13    |OBUF   |    12|
+------+-------+------+
---------------------------------------------------------------------------------
Finished Writing Synthesis Report : Time (s): cpu = 00:00:13 ; elapsed = 00:00:13 . Memory (MB): peak = 2275.570 ; gain = 841.191 ; free physical = 4138 ; free virtual = 39617
---------------------------------------------------------------------------------
Synthesis finished with 0 errors, 0 critical warnings and 2 warnings.
Synthesis Optimization Runtime : Time (s): cpu = 00:00:12 ; elapsed = 00:00:12 . Memory (MB): peak = 2275.570 ; gain = 689.441 ; free physical = 4138 ; free virtual = 39617
Synthesis Optimization Complete : Time (s): cpu = 00:00:13 ; elapsed = 00:00:13 . Memory (MB): peak = 2275.578 ; gain = 841.191 ; free physical = 4138 ; free virtual = 39617
INFO: [Project 1-571] Translating synthesized netlist
Netlist sorting complete. Time (s): cpu = 00:00:00 ; elapsed = 00:00:00 . Memory (MB): peak = 2275.578 ; gain = 0.000 ; free physical = 4138 ; free virtual = 39617
INFO: [Netlist 29-17] Analyzing 25 Unisim elements for replacement
INFO: [Netlist 29-28] Unisim Transformation completed in 0 CPU seconds
INFO: [Project 1-570] Preparing netlist for logic optimization
INFO: [Opt 31-138] Pushed 0 inverter(s) to 0 load pin(s).
Netlist sorting complete. Time (s): cpu = 00:00:00 ; elapsed = 00:00:00 . Memory (MB): peak = 2331.598 ; gain = 0.000 ; free physical = 4316 ; free virtual = 39793
INFO: [Project 1-111] Unisim Transformation Summary:
No Unisim elements were transformed.

Synth Design complete | Checksum: 70def036
INFO: [Common 17-83] Releasing license: Synthesis
36 Infos, 49 Warnings, 33 Critical Warnings and 0 Errors encountered.
synth_design completed successfully
synth_design: Time (s): cpu = 00:00:18 ; elapsed = 00:00:16 . Memory (MB): peak = 2331.598 ; gain = 897.238 ; free physical = 4316 ; free virtual = 39793
INFO: [Common 17-2834] synth_design peak Physical Memory [PSS] (MB): overall = 1466.781; main = 1466.781; forked = 269.162
INFO: [Common 17-2834] synth_design peak Virtual Memory [VSS] (MB): overall = 3007.609; main = 2331.602; forked = 920.879
INFO: [runtcl-6] Synthesis results are not added to the cache due to CRITICAL_WARNING
Write ShapeDB Complete: Time (s): cpu = 00:00:00 ; elapsed = 00:00:00 . Memory (MB): peak = 2355.609 ; gain = 0.000 ; free physical = 4316 ; free virtual = 39793
INFO: [Common 17-1381] The checkpoint '/media/user23/data/workspace/basys_exam/basys_exam.runs/synth_1/watch_top.dcp' has been generated.
INFO: [Vivado 12-24828] Executing command : report_utilization -file watch_top_utilization_synth.rpt -pb watch_top_utilization_synth.pb
INFO: [Common 17-206] Exiting Vivado at Tue Dec  9 18:10:18 2025...
